0 info it worked if it ends with ok
1 verbose cli [ 'node',
1 verbose cli   '/usr/local/bin/npm',
1 verbose cli   'install',
1 verbose cli   'jquery-jasmine',
1 verbose cli   '--save-dev' ]
2 info using npm@1.4.28
3 info using node@v0.10.35
4 warn package.json karma-phantomjs-launcher@0.1.4 No README data
5 verbose readDependencies using package.json deps
6 verbose cache add [ 'jquery-jasmine', null ]
7 verbose cache add name=undefined spec="jquery-jasmine" args=["jquery-jasmine",null]
8 verbose parsed url { protocol: null,
8 verbose parsed url   slashes: null,
8 verbose parsed url   auth: null,
8 verbose parsed url   host: null,
8 verbose parsed url   port: null,
8 verbose parsed url   hostname: null,
8 verbose parsed url   hash: null,
8 verbose parsed url   search: null,
8 verbose parsed url   query: null,
8 verbose parsed url   pathname: 'jquery-jasmine',
8 verbose parsed url   path: 'jquery-jasmine',
8 verbose parsed url   href: 'jquery-jasmine' }
9 silly lockFile fa21aa0d-jquery-jasmine jquery-jasmine
10 verbose lock jquery-jasmine /Users/bakkiraju/.npm/fa21aa0d-jquery-jasmine.lock
11 silly lockFile fa21aa0d-jquery-jasmine jquery-jasmine
12 silly lockFile fa21aa0d-jquery-jasmine jquery-jasmine
13 verbose addNamed [ 'jquery-jasmine', '' ]
14 verbose addNamed [ null, '*' ]
15 silly lockFile e6de45f5-jquery-jasmine jquery-jasmine@
16 verbose lock jquery-jasmine@ /Users/bakkiraju/.npm/e6de45f5-jquery-jasmine.lock
17 silly addNameRange { name: 'jquery-jasmine', range: '*', hasData: false }
18 verbose request where is /jquery-jasmine
19 verbose request registry https://registry.npmjs.org/
20 verbose request id 61982a8f561ea73c
21 verbose url raw /jquery-jasmine
22 verbose url resolving [ 'https://registry.npmjs.org/', './jquery-jasmine' ]
23 verbose url resolved https://registry.npmjs.org/jquery-jasmine
24 verbose request where is https://registry.npmjs.org/jquery-jasmine
25 info trying registry request attempt 1 at 19:26:40
26 http GET https://registry.npmjs.org/jquery-jasmine
27 http 404 https://registry.npmjs.org/jquery-jasmine
28 verbose headers { server: 'CouchDB/1.5.0 (Erlang OTP/R16B03)',
28 verbose headers   'content-type': 'application/json',
28 verbose headers   'cache-control': 'max-age=0',
28 verbose headers   'content-length': '51',
28 verbose headers   'accept-ranges': 'bytes',
28 verbose headers   date: 'Mon, 18 May 2015 02:26:41 GMT',
28 verbose headers   via: '1.1 varnish',
28 verbose headers   age: '0',
28 verbose headers   connection: 'keep-alive',
28 verbose headers   'x-served-by': 'cache-lax1431-LAX',
28 verbose headers   'x-cache': 'MISS',
28 verbose headers   'x-cache-hits': '0',
28 verbose headers   'x-timer': 'S1431916001.039118,VS0,VE49' }
29 silly registry.get cb [ 404,
29 silly registry.get   { server: 'CouchDB/1.5.0 (Erlang OTP/R16B03)',
29 silly registry.get     'content-type': 'application/json',
29 silly registry.get     'cache-control': 'max-age=0',
29 silly registry.get     'content-length': '51',
29 silly registry.get     'accept-ranges': 'bytes',
29 silly registry.get     date: 'Mon, 18 May 2015 02:26:41 GMT',
29 silly registry.get     via: '1.1 varnish',
29 silly registry.get     age: '0',
29 silly registry.get     connection: 'keep-alive',
29 silly registry.get     'x-served-by': 'cache-lax1431-LAX',
29 silly registry.get     'x-cache': 'MISS',
29 silly registry.get     'x-cache-hits': '0',
29 silly registry.get     'x-timer': 'S1431916001.039118,VS0,VE49' } ]
30 silly lockFile e6de45f5-jquery-jasmine jquery-jasmine@
31 silly lockFile e6de45f5-jquery-jasmine jquery-jasmine@
32 error 404 404 Not Found: jquery-jasmine
32 error 404
32 error 404 'jquery-jasmine' is not in the npm registry.
32 error 404 You should bug the author to publish it
32 error 404 It was specified as a dependency of 'weather_app'
32 error 404
32 error 404 Note that you can also install from a
32 error 404 tarball, folder, or http url, or git url.
33 error System Darwin 14.1.0
34 error command "node" "/usr/local/bin/npm" "install" "jquery-jasmine" "--save-dev"
35 error cwd /Applications/MAMP/htdocs/sample_test_bed
36 error node -v v0.10.35
37 error npm -v 1.4.28
38 error code E404
39 verbose exit [ 1, true ]
